<?xml version="1.0" encoding="UTF-8"?>
<testng-results skipped="0" failed="1" total="1" passed="0">
  <reporter-output>
    <line>
      <![CDATA[
click on shopping tool menu]]>
    </line>
    <line>
      <![CDATA[
click on request a quote menu]]>
    </line>
    <line>
      <![CDATA[
fill request detail RequestQuoteModel [seriesName=2018 LAND CRUISER, modelName=LAND CRUISER 4WD 5.7L V8 8-SPEED AUTOMATIC TRANSMISSION, firstName=sendto, lastName=adf, zipCode=75063, email=icxtoyota@gmail.com, phone=223-432-0000, address=17 Golden Star Street, city=Frisco, vendorName=Toyota of Dallas, dealerCode=42278]]]>
    </line>
    <line>
      <![CDATA[
click on submit button]]>
    </line>
    <line>
      <![CDATA[
Verify request send successfully]]>
    </line>
    <line>
      <![CDATA[
Verify 'Search vender' and 'Build your own' buttons]]>
    </line>
    <line>
      <![CDATA[
Read email content]]>
    </line>
    <line>
      <![CDATA[
Delete emails]]>
    </line>
    <line>
      <![CDATA[<a href= 'screenshots/null/Failed_null2019-05-28-01-38-10.png'target='_blank' ><img src='screenshots/null/Failed_null2019-05-28-01-38-10.png'>null2019-05-28-01-38-10</a>]]>
    </line>
  </reporter-output>
  <suite name="Default suite" duration-ms="24567" started-at="2019-05-28T18:37:51Z" finished-at="2019-05-28T18:38:15Z">
    <groups>
    </groups>
    <test name="Default test" duration-ms="24567" started-at="2019-05-28T18:37:51Z" finished-at="2019-05-28T18:38:15Z">
      <class name="com.test.RequestAQuote">
        <test-method status="PASS" signature="before()[pri:0, instance:com.test.RequestAQuote@2d6eabae]" name="before" is-config="true" duration-ms="178" started-at="2019-05-28T13:37:51Z" finished-at="2019-05-28T13:37:51Z">
          <reporter-output>
          </reporter-output>
        </test-method> <!-- before -->
        <test-method status="PASS" signature="setUp()[pri:0, instance:com.test.RequestAQuote@2d6eabae]" name="setUp" is-config="true" duration-ms="4201" started-at="2019-05-28T13:37:51Z" finished-at="2019-05-28T13:37:55Z">
          <reporter-output>
          </reporter-output>
        </test-method> <!-- setUp -->
        <test-method status="PASS" signature="setTest(java.lang.reflect.Method)[pri:0, instance:com.test.RequestAQuote@2d6eabae]" name="setTest" is-config="true" duration-ms="3" started-at="2019-05-28T13:37:55Z" finished-at="2019-05-28T13:37:55Z">
          <params>
            <param index="0">
              <value>
                <![CDATA[public void com.test.RequestAQuote.testRequestQuote() throws java.lang.InterruptedException]]>
              </value>
            </param>
          </params>
          <reporter-output>
          </reporter-output>
        </test-method> <!-- setTest -->
        <test-method status="FAIL" signature="testRequestQuote()[pri:0, instance:com.test.RequestAQuote@2d6eabae]" name="testRequestQuote" duration-ms="15207" started-at="2019-05-28T13:37:55Z" finished-at="2019-05-28T13:38:10Z">
          <exception class="java.lang.AssertionError">
            <message>
              <![CDATA[2018 Year not found in mail expected [true] but found [false]]]>
            </message>
            <full-stacktrace>
              <![CDATA[java.lang.AssertionError: 2018 Year not found in mail expected [true] but found [false]
	at org.testng.Assert.fail(Assert.java:94)
	at org.testng.Assert.failNotEquals(Assert.java:496)
	at org.testng.Assert.assertTrue(Assert.java:42)
	at com.test.RequestAQuote.testRequestQuote(RequestAQuote.java:67)
	at sun.reflect.NativeMethodAccessorImpl.invoke0(Native Method)
	at sun.reflect.NativeMethodAccessorImpl.invoke(NativeMethodAccessorImpl.java:62)
	at sun.reflect.DelegatingMethodAccessorImpl.invoke(DelegatingMethodAccessorImpl.java:43)
	at java.lang.reflect.Method.invoke(Method.java:498)
	at org.testng.internal.MethodInvocationHelper.invokeMethod(MethodInvocationHelper.java:85)
	at org.testng.internal.Invoker.invokeMethod(Invoker.java:639)
	at org.testng.internal.Invoker.invokeTestMethod(Invoker.java:816)
	at org.testng.internal.Invoker.invokeTestMethods(Invoker.java:1124)
	at org.testng.internal.TestMethodWorker.invokeTestMethods(TestMethodWorker.java:125)
	at org.testng.internal.TestMethodWorker.run(TestMethodWorker.java:108)
	at org.testng.TestRunner.privateRun(TestRunner.java:774)
	at org.testng.TestRunner.run(TestRunner.java:624)
	at org.testng.SuiteRunner.runTest(SuiteRunner.java:359)
	at org.testng.SuiteRunner.runSequentially(SuiteRunner.java:354)
	at org.testng.SuiteRunner.privateRun(SuiteRunner.java:312)
	at org.testng.SuiteRunner.run(SuiteRunner.java:261)
	at org.testng.SuiteRunnerWorker.runSuite(SuiteRunnerWorker.java:52)
	at org.testng.SuiteRunnerWorker.run(SuiteRunnerWorker.java:86)
	at org.testng.TestNG.runSuitesSequentially(TestNG.java:1215)
	at org.testng.TestNG.runSuitesLocally(TestNG.java:1140)
	at org.testng.TestNG.run(TestNG.java:1048)
	at org.testng.remote.AbstractRemoteTestNG.run(AbstractRemoteTestNG.java:115)
	at org.testng.remote.RemoteTestNG.initAndRun(RemoteTestNG.java:251)
	at org.testng.remote.RemoteTestNG.main(RemoteTestNG.java:77)
]]>
            </full-stacktrace>
          </exception> <!-- java.lang.AssertionError -->
          <reporter-output>
            <line>
              <![CDATA[
click on shopping tool menu]]>
            </line>
            <line>
              <![CDATA[
click on request a quote menu]]>
            </line>
            <line>
              <![CDATA[
fill request detail RequestQuoteModel [seriesName=2018 LAND CRUISER, modelName=LAND CRUISER 4WD 5.7L V8 8-SPEED AUTOMATIC TRANSMISSION, firstName=sendto, lastName=adf, zipCode=75063, email=icxtoyota@gmail.com, phone=223-432-0000, address=17 Golden Star Street, city=Frisco, vendorName=Toyota of Dallas, dealerCode=42278]]]>
            </line>
            <line>
              <![CDATA[
click on submit button]]>
            </line>
            <line>
              <![CDATA[
Verify request send successfully]]>
            </line>
            <line>
              <![CDATA[
Verify 'Search vender' and 'Build your own' buttons]]>
            </line>
            <line>
              <![CDATA[
Read email content]]>
            </line>
            <line>
              <![CDATA[
Delete emails]]>
            </line>
          </reporter-output>
        </test-method> <!-- testRequestQuote -->
        <test-method status="PASS" signature="afterMainMethod(org.testng.ITestResult)[pri:0, instance:com.test.RequestAQuote@2d6eabae]" name="afterMainMethod" is-config="true" duration-ms="5034" started-at="2019-05-28T13:38:10Z" finished-at="2019-05-28T13:38:15Z">
          <params>
            <param index="0">
              <value>
                <![CDATA[[TestResult name=testRequestQuote status=FAILURE method=RequestAQuote.testRequestQuote()[pri:0, instance:com.test.RequestAQuote@2d6eabae] output=
click on shopping tool menu]]]>
              </value>
            </param>
          </params>
          <reporter-output>
            <line>
              <![CDATA[<a href= 'screenshots/null/Failed_null2019-05-28-01-38-10.png'target='_blank' ><img src='screenshots/null/Failed_null2019-05-28-01-38-10.png'>null2019-05-28-01-38-10</a>]]>
            </line>
          </reporter-output>
        </test-method> <!-- afterMainMethod -->
        <test-method status="PASS" signature="closeDriverSession()[pri:0, instance:com.test.RequestAQuote@2d6eabae]" name="closeDriverSession" is-config="true" duration-ms="113" started-at="2019-05-28T13:38:15Z" finished-at="2019-05-28T13:38:15Z">
          <reporter-output>
          </reporter-output>
        </test-method> <!-- closeDriverSession -->
        <test-method status="PASS" signature="tearDownSuite()[pri:0, instance:com.test.RequestAQuote@2d6eabae]" name="tearDownSuite" is-config="true" duration-ms="244" started-at="2019-05-28T13:38:15Z" finished-at="2019-05-28T13:38:16Z">
          <reporter-output>
          </reporter-output>
        </test-method> <!-- tearDownSuite -->
      </class> <!-- com.test.RequestAQuote -->
    </test> <!-- Default test -->
  </suite> <!-- Default suite -->
</testng-results>
