<?xml version="1.0" encoding="UTF-8"?>
<!-- Generated by org.testng.reporters.JUnitXMLReporter -->
<testsuite hostname="HMDNYC-41RVJGH5" name="Test-Suite" tests="39" failures="1" timestamp="3 Feb 2021 21:30:34 GMT" time="385.493" errors="0">
  <testcase name="testBrochuresPage" time="12.903" classname="com.test.us.functional.VerifyPagesDetail"/>
  <testcase name="testConnectedServicesToyotaAppPage" time="0.887" classname="com.test.us.functional.VerifyPagesDetail"/>
  <testcase name="testConnectedServicesToyotaPage" time="1.395" classname="com.test.us.functional.VerifyPagesDetail"/>
  <testcase name="testVerifyCompareVehiclePage" time="1.901" classname="com.test.us.functional.VerifyPagesDetail">
    <failure type="java.lang.AssertionError" message="Some &amp;apos;Read more key benefits&amp;apos; button not clicked expected [3] but found [4]">
      <![CDATA[java.lang.AssertionError: Some 'Read more key benefits' button not clicked expected [3] but found [4]
	at org.testng.Assert.fail(Assert.java:94)
	at org.testng.Assert.failNotEquals(Assert.java:496)
	at org.testng.Assert.assertEquals(Assert.java:125)
	at org.testng.Assert.assertEquals(Assert.java:372)
	at com.toy.pages.CommonPage.expandAllReadMoreKeyBenefitsButton(CommonPage.java:31)
	at com.test.us.functional.VerifyPagesDetail.testVerifyCompareVehiclePage(VerifyPagesDetail.java:114)
	at sun.reflect.NativeMethodAccessorImpl.invoke0(Native Method)
	at sun.reflect.NativeMethodAccessorImpl.invoke(NativeMethodAccessorImpl.java:62)
	at sun.reflect.DelegatingMethodAccessorImpl.invoke(DelegatingMethodAccessorImpl.java:43)
	at java.lang.reflect.Method.invoke(Method.java:498)
	at org.testng.internal.MethodInvocationHelper.invokeMethod(MethodInvocationHelper.java:85)
	at org.testng.internal.Invoker.invokeMethod(Invoker.java:639)
	at org.testng.internal.Invoker.invokeTestMethod(Invoker.java:816)
	at org.testng.internal.Invoker.invokeTestMethods(Invoker.java:1124)
	at org.testng.internal.TestMethodWorker.invokeTestMethods(TestMethodWorker.java:125)
	at org.testng.internal.TestMethodWorker.run(TestMethodWorker.java:108)
	at java.util.concurrent.ThreadPoolExecutor.runWorker(ThreadPoolExecutor.java:1149)
	at java.util.concurrent.ThreadPoolExecutor$Worker.run(ThreadPoolExecutor.java:624)
	at java.lang.Thread.run(Thread.java:748)
]]>
    </failure>
  </testcase> <!-- testVerifyCompareVehiclePage -->
  <testcase name="AppSmokeTest" time="32.377" classname="com.test.smoke.AppSmoke"/>
  <testcase name="AppSmokeTest" time="2.851" classname="com.test.smoke.AppSmoke"/>
  <testcase name="AppSmokeTest" time="2.301" classname="com.test.smoke.AppSmoke"/>
  <testcase name="AppSmokeTest" time="31.937" classname="com.test.smoke.AppSmoke"/>
  <testcase name="AppSmokeTest" time="3.04" classname="com.test.smoke.AppSmoke"/>
  <testcase name="AppSmokeTest" time="2.429" classname="com.test.smoke.AppSmoke"/>
  <testcase name="AppSmokeTest" time="2.376" classname="com.test.smoke.AppSmoke"/>
  <testcase name="AppSmokeTest" time="1.953" classname="com.test.smoke.AppSmoke"/>
  <testcase name="AppSmokeTest" time="2.299" classname="com.test.smoke.AppSmoke"/>
  <testcase name="AppSmokeTest" time="3.487" classname="com.test.smoke.AppSmoke"/>
  <testcase name="AppSmokeTest" time="3.752" classname="com.test.smoke.AppSmoke"/>
  <testcase name="AppSmokeTest" time="2.28" classname="com.test.smoke.AppSmoke"/>
  <testcase name="AppSmokeTest" time="32.567" classname="com.test.smoke.AppSmoke"/>
  <testcase name="AppSmokeTest" time="32.45" classname="com.test.smoke.AppSmoke"/>
  <testcase name="AppSmokeTest" time="2.679" classname="com.test.smoke.AppSmoke"/>
  <testcase name="AppSmokeTest" time="2.719" classname="com.test.smoke.AppSmoke"/>
  <testcase name="AppSmokeTest" time="2.553" classname="com.test.smoke.AppSmoke"/>
  <testcase name="AppSmokeTest" time="32.313" classname="com.test.smoke.AppSmoke"/>
  <testcase name="AppSmokeTest" time="31.827" classname="com.test.smoke.AppSmoke"/>
  <testcase name="AppSmokeTest" time="3.351" classname="com.test.smoke.AppSmoke"/>
  <testcase name="AppSmokeTest" time="2.084" classname="com.test.smoke.AppSmoke"/>
  <testcase name="AppSmokeTest" time="31.954" classname="com.test.smoke.AppSmoke"/>
  <testcase name="AppSmokeTest" time="5.115" classname="com.test.smoke.AppSmoke"/>
  <testcase name="AppSmokeTest" time="5.794" classname="com.test.smoke.AppSmoke"/>
  <testcase name="AppSmokeTest" time="4.001" classname="com.test.smoke.AppSmoke"/>
  <testcase name="AppSmokeTest" time="4.071" classname="com.test.smoke.AppSmoke"/>
  <testcase name="AppSmokeTest" time="3.054" classname="com.test.smoke.AppSmoke"/>
  <testcase name="AppSmokeTest" time="2.456" classname="com.test.smoke.AppSmoke"/>
  <testcase name="AppSmokeTest" time="3.838" classname="com.test.smoke.AppSmoke"/>
  <testcase name="AppSmokeTest" time="3.2" classname="com.test.smoke.AppSmoke"/>
  <testcase name="AppSmokeTest" time="2.191" classname="com.test.smoke.AppSmoke"/>
  <testcase name="AppSmokeTest" time="3.385" classname="com.test.smoke.AppSmoke"/>
  <testcase name="AppSmokeTest" time="31.987" classname="com.test.smoke.AppSmoke"/>
  <testcase name="AppSmokeTest" time="3.769" classname="com.test.smoke.AppSmoke"/>
  <testcase name="AppSmokeTest" time="3.433" classname="com.test.smoke.AppSmoke"/>
</testsuite> <!-- Test-Suite -->
