<html>
<head>
<title>TestNG:  Test-Suite(failed)</title>
<link href="../testng.css" rel="stylesheet" type="text/css" />
<link href="../my-testng.css" rel="stylesheet" type="text/css" />

<style type="text/css">
.log { display: none;} 
.stack-trace { display: none;} 
</style>
<script type="text/javascript">
<!--
function flip(e) {
  current = e.style.display;
  if (current == 'block') {
    e.style.display = 'none';
    return 0;
  }
  else {
    e.style.display = 'block';
    return 1;
  }
}

function toggleBox(szDivId, elem, msg1, msg2)
{
  var res = -1;  if (document.getElementById) {
    res = flip(document.getElementById(szDivId));
  }
  else if (document.all) {
    // this is the way old msie versions work
    res = flip(document.all[szDivId]);
  }
  if(elem) {
    if(res == 0) elem.innerHTML = msg1; else elem.innerHTML = msg2;
  }

}

function toggleAllBoxes() {
  if (document.getElementsByTagName) {
    d = document.getElementsByTagName('div');
    for (i = 0; i < d.length; i++) {
      if (d[i].className == 'log') {
        flip(d[i]);
      }
    }
  }
}

// -->
</script>

</head>
<body>
<h2 align='center'>Test-Suite(failed)</h2><table border='1' align="center">
<tr>
<td>Tests passed/Failed/Skipped:</td><td>2/1/0</td>
</tr><tr>
<td>Started on:</td><td>Tue May 12 18:12:30 CDT 2020</td>
</tr>
<tr><td>Total time:</td><td>88 seconds (88114 ms)</td>
</tr><tr>
<td>Included groups:</td><td></td>
</tr><tr>
<td>Excluded groups:</td><td></td>
</tr>
</table><p/>
<small><i>(Hover the method name to see the test class name)</i></small><p/>
<table width='100%' border='1' class='invocation-failed'>
<tr><td colspan='4' align='center'><b>FAILED TESTS</b></td></tr>
<tr><td><b>Test method</b></td>
<td width="30%"><b>Exception</b></td>
<td width="10%"><b>Time (seconds)</b></td>
<td><b>Instance</b></td>
</tr>
<tr>
<td title='com.test.smoke.AppSmoke.AppSmokeTest()'><b>AppSmokeTest</b><br>Test class: com.test.smoke.AppSmoke<br>Parameters: com.toy.datamodel.AppDataModel@71a9b4c7<br/>
<a href="#Output-2008547236" onClick='toggleBox("Output-2008547236", this, "Show output", "Hide output");'>Show output</a>

<a href="#Output-2008547236" onClick="toggleAllBoxes();">Show all outputs</a>
<div class='log' id="Output-2008547236">

Running test for application : mlp<br/>

Navigated application url : /highlander/<br/>

Verify title : 2020 Toyota Highlander Mid-size SUV | Explore every possibility<br/>

Selected disclaimer 1<br/>

Get disclaimer text 33. 2020 EPA-estimated mileage. Actual mileage will vary.<br/>
</div>
</td>
<td><div><pre>java.lang.AssertionError: Selected Disclaimr 33. 2020 EPA-estimated mileage. Actual mileage will vary. is no start with 1 expected [true] but found [false]
	at org.testng.Assert.fail(Assert.java:94)
	at org.testng.Assert.failNotEquals(Assert.java:496)
	at org.testng.Assert.assertTrue(Assert.java:42)
	at com.test.smoke.AppSmoke.AppSmokeTest(AppSmoke.java:44)
	at sun.reflect.NativeMethodAccessorImpl.invoke0(Native Method)
	at sun.reflect.NativeMethodAccessorImpl.invoke(NativeMethodAccessorImpl.java:62)
	at sun.reflect.DelegatingMethodAccessorImpl.invoke(DelegatingMethodAccessorImpl.java:43)
	at java.lang.reflect.Method.invoke(Method.java:498)
	at org.testng.internal.MethodInvocationHelper.invokeMethod(MethodInvocationHelper.java:85)
	at org.testng.internal.Invoker.invokeMethod(Invoker.java:639)
	at org.testng.internal.Invoker.invokeTestMethod(Invoker.java:816)
	at org.testng.internal.Invoker.invokeTestMethods(Invoker.java:1124)
	at org.testng.internal.TestMethodWorker.invokeTestMethods(TestMethodWorker.java:125)
	at org.testng.internal.TestMethodWorker.run(TestMethodWorker.java:108)
	at org.testng.TestRunner.privateRun(TestRunner.java:774)
	at org.testng.TestRunner.run(TestRunner.java:624)
	at org.testng.SuiteRunner.runTest(SuiteRunner.java:359)
	at org.testng.SuiteRunner.runSequentially(SuiteRunner.java:354)
	at org.testng.SuiteRunner.privateRun(SuiteRunner.java:312)
	at org.testng.SuiteRunner.run(SuiteRunner.java:261)
	at org.testng.SuiteRunnerWorker.runSuite(SuiteRunnerWorker.java:52)
	at org.testng.SuiteRunnerWorker.run(SuiteRunnerWorker.java:86)
	at org.testng.TestNG.runSuitesSequentially(TestNG.java:1215)
	at org.testng.TestNG.runSuitesLocally(TestNG.java:1140)
	at org.testng.TestNG.run(TestNG.java:1048)
	at org.testng.remote.AbstractRemoteTestNG.run(AbstractRemoteTestNG.java:115)
	at org.testng.remote.RemoteTestNG.initAndRun(RemoteTestNG.java:251)
	at org.testng.remote.RemoteTestNG.main(RemoteTestNG.java:77)
</pre></div><a href='#' onClick='toggleBox("stack-trace2008547236", this, "Click to show all stack frames", "Click to hide stack frames")'>Click to show all stack frames</a>
<div class='stack-trace' id='stack-trace2008547236'><pre>java.lang.AssertionError: Selected Disclaimr 33. 2020 EPA-estimated mileage. Actual mileage will vary. is no start with 1 expected [true] but found [false]
	at org.testng.Assert.fail(Assert.java:94)
	at org.testng.Assert.failNotEquals(Assert.java:496)
	at org.testng.Assert.assertTrue(Assert.java:42)
	at com.test.smoke.AppSmoke.AppSmokeTest(AppSmoke.java:44)
	at sun.reflect.NativeMethodAccessorImpl.invoke0(Native Method)
	at sun.reflect.NativeMethodAccessorImpl.invoke(NativeMethodAccessorImpl.java:62)
	at sun.reflect.DelegatingMethodAccessorImpl.invoke(DelegatingMethodAccessorImpl.java:43)
	at java.lang.reflect.Method.invoke(Method.java:498)
	at org.testng.internal.MethodInvocationHelper.invokeMethod(MethodInvocationHelper.java:85)
	at org.testng.internal.Invoker.invokeMethod(Invoker.java:639)
	at org.testng.internal.Invoker.invokeTestMethod(Invoker.java:816)
	at org.testng.internal.Invoker.invokeTestMethods(Invoker.java:1124)
	at org.testng.internal.TestMethodWorker.invokeTestMethods(TestMethodWorker.java:125)
	at org.testng.internal.TestMethodWorker.run(TestMethodWorker.java:108)
	at org.testng.TestRunner.privateRun(TestRunner.java:774)
	at org.testng.TestRunner.run(TestRunner.java:624)
	at org.testng.SuiteRunner.runTest(SuiteRunner.java:359)
	at org.testng.SuiteRunner.runSequentially(SuiteRunner.java:354)
	at org.testng.SuiteRunner.privateRun(SuiteRunner.java:312)
	at org.testng.SuiteRunner.run(SuiteRunner.java:261)
	at org.testng.SuiteRunnerWorker.runSuite(SuiteRunnerWorker.java:52)
	at org.testng.SuiteRunnerWorker.run(SuiteRunnerWorker.java:86)
	at org.testng.TestNG.runSuitesSequentially(TestNG.java:1215)
	at org.testng.TestNG.runSuitesLocally(TestNG.java:1140)
	at org.testng.TestNG.run(TestNG.java:1048)
	at org.testng.remote.AbstractRemoteTestNG.run(AbstractRemoteTestNG.java:115)
	at org.testng.remote.RemoteTestNG.initAndRun(RemoteTestNG.java:251)
	at org.testng.remote.RemoteTestNG.main(RemoteTestNG.java:77)
</pre></div></td>
<td>39</td>
<td>com.test.smoke.AppSmoke@167fdd33</td></tr>
</table><p>
<table width='100%' border='1' class='invocation-passed'>
<tr><td colspan='4' align='center'><b>PASSED TESTS</b></td></tr>
<tr><td><b>Test method</b></td>
<td width="30%"><b>Exception</b></td>
<td width="10%"><b>Time (seconds)</b></td>
<td><b>Instance</b></td>
</tr>
<tr>
<td title='com.test.smoke.AppSmoke.AppSmokeTest()'><b>AppSmokeTest</b><br>Test class: com.test.smoke.AppSmoke<br>Parameters: com.toy.datamodel.AppDataModel@125c082e<br/>
<a href="#Output-1756160273" onClick='toggleBox("Output-1756160273", this, "Show output", "Hide output");'>Show output</a>

<a href="#Output-1756160273" onClick="toggleAllBoxes();">Show all outputs</a>
<div class='log' id="Output-1756160273">

Running test for application : upcoming-vehicles-rav4prime<br/>

Navigated application url : /upcoming-vehicles/rav4prime/<br/>

Verify title : 2021 Toyota RAV4 Prime<br/>

Selected disclaimer Not found<br/>
</div>
</td>
<td></td>
<td>32</td>
<td>com.test.smoke.AppSmoke@167fdd33</td></tr>
<tr>
<td title='com.test.smoke.AppSmoke.AppSmokeTest()'><b>AppSmokeTest</b><br>Test class: com.test.smoke.AppSmoke<br>Parameters: com.toy.datamodel.AppDataModel@6d3c232f<br/>
<a href="#Output-1800959603" onClick='toggleBox("Output-1800959603", this, "Show output", "Hide output");'>Show output</a>

<a href="#Output-1800959603" onClick="toggleAllBoxes();">Show all outputs</a>
<div class='log' id="Output-1800959603">

Running test for application : home<br/>

Navigated application url : /<br/>

Verify title : New Cars, Trucks, SUVs & Hybrids | Toyota Official Site<br/>

Selected disclaimer 62<br/>

Get disclaimer text 62. 60 monthly payments of $16.67 for every $1,000 financed. Available on select 2020 Camry, RAV4, and Tacoma models with approved credit for only very well-qualified customers through participating Toyota dealers and Toyota Financial Services (TFS). No down payment required if qualified for advertised offer. If you do not qualify for the offer, the amount and percentage of any down payment vary with your credit qualifications. Dealer contribution may vary and could affect price. Individual dealer prices, other terms and offers may vary. Must take retail delivery from dealer's stock and terms subject to vehicle availability. Cannot be combined with TFS APR Cash, TFS Lease Cash, Customer Cash, APR, Lease, Lease Subvention Cash. Excludes RAV4 Hybrid models and Tacoma TRD Pro models. See your participating Toyota dealer for details. Void where prohibited. Expires 06-01-2020. Toyota Financial Services is a service mark used by Toyota Motor Credit Corporation.<br/>

Verified disclaimer text start with 62<br/>
</div>
</td>
<td></td>
<td>3</td>
<td>com.test.smoke.AppSmoke@167fdd33</td></tr>
</table><p>
</body>
</html>