<?xml version="1.0" encoding="UTF-8"?>
<!-- Generated by org.testng.reporters.JUnitReportReporter -->
<testsuite hostname="HMDNYC-41RVJGH5" name="com.test.us.functional.ViewConfig" tests="4" failures="0" timestamp="17 Aug 2020 18:39:44 GMT" time="20.615" errors="1">
  <testcase name="verifyJsLoadsOnRtiSavesPage" time="7.589" classname="com.test.us.functional.ViewConfig"/>
  <testcase name="verifyDataHubEnvAndJsLoadingOnHomePage" time="4.241" classname="com.test.us.functional.ViewConfig"/>
  <testcase name="verifyViewConfigEnvAndJsLoadsOnRTIPage" time="8.785" classname="com.test.us.functional.ViewConfig"/>
  <testcase name="verifyDataHubEnvAndJsLoadsOnRtiPage" time="0.000" classname="com.test.us.functional.ViewConfig">
    <error type="org.testng.TestNGException" message="
Method verifyDataHubEnvAndJsLoadsOnRtiPage requires 1 parameters but 0 were supplied in the @Test annotation.">
      <![CDATA[org.testng.TestNGException: 
Method verifyDataHubEnvAndJsLoadsOnRtiPage requires 1 parameters but 0 were supplied in the @Test annotation.
	at org.testng.internal.Parameters.checkParameterTypes(Parameters.java:191)
	at org.testng.internal.Parameters.createParameters(Parameters.java:127)
	at org.testng.internal.Parameters.createParameters(Parameters.java:376)
	at org.testng.internal.Parameters.handleParameters(Parameters.java:451)
	at org.testng.internal.Invoker.handleParameters(Invoker.java:1270)
	at org.testng.internal.Invoker.createParameters(Invoker.java:985)
	at org.testng.internal.Invoker.invokeTestMethods(Invoker.java:1075)
	at org.testng.internal.TestMethodWorker.invokeTestMethods(TestMethodWorker.java:125)
	at org.testng.internal.TestMethodWorker.run(TestMethodWorker.java:108)
	at org.testng.TestRunner.privateRun(TestRunner.java:774)
	at org.testng.TestRunner.run(TestRunner.java:624)
	at org.testng.SuiteRunner.runTest(SuiteRunner.java:359)
	at org.testng.SuiteRunner.runSequentially(SuiteRunner.java:354)
	at org.testng.SuiteRunner.privateRun(SuiteRunner.java:312)
	at org.testng.SuiteRunner.run(SuiteRunner.java:261)
	at org.testng.SuiteRunnerWorker.runSuite(SuiteRunnerWorker.java:52)
	at org.testng.SuiteRunnerWorker.run(SuiteRunnerWorker.java:86)
	at org.testng.TestNG.runSuitesSequentially(TestNG.java:1215)
	at org.testng.TestNG.runSuitesLocally(TestNG.java:1140)
	at org.testng.TestNG.run(TestNG.java:1048)
	at org.testng.remote.AbstractRemoteTestNG.run(AbstractRemoteTestNG.java:115)
	at org.testng.remote.RemoteTestNG.initAndRun(RemoteTestNG.java:251)
	at org.testng.remote.RemoteTestNG.main(RemoteTestNG.java:77)
]]>
    </error>
  </testcase> <!-- verifyDataHubEnvAndJsLoadsOnRtiPage -->
</testsuite> <!-- com.test.us.functional.ViewConfig -->
