<?xml version="1.0" encoding="UTF-8"?>
<!-- Generated by org.testng.reporters.JUnitReportReporter -->
<testsuite hostname="HMDNYC-41RVJGH5" name="com.test.us.functional.GXPSmartPath" tests="6" failures="0" timestamp="7 Jan 2021 21:47:58 GMT" time="0.124" errors="6">
  <testcase name="testSmartPathModal" time="0.001" classname="com.test.us.functional.GXPSmartPath">
    <error type="org.openqa.selenium.InvalidArgumentException" message="invalid argument: user data directory is already in use, please specify a unique value for --user-data-dir argument, or don&#039;t use --user-data-dir
Build info: version: &#039;3.141.59&#039;, revision: &#039;e82be7d358&#039;, time: &#039;2018-11-14T08:17:03&#039;
System info: host: &#039;HMDNYC-41RVJGH5&#039;, ip: &#039;2603:8080:5740:16:0:0:0:10f7%en0&#039;, os.name: &#039;Mac OS X&#039;, os.arch: &#039;x86_64&#039;, os.version: &#039;10.13.6&#039;, java.version: &#039;1.8.0_211&#039;
Driver info: driver.version: ChromeDriver
remote stacktrace: 0   chromedriver                        0x000000010fc6bd79 chromedriver + 2510201
1   chromedriver                        0x00000001102d8743 chromedriver + 9246531
2   chromedriver                        0x000000010faa6623 chromedriver + 652835
3   chromedriver                        0x000000010fa1c484 chromedriver + 87172
4   chromedriver                        0x000000010fa18f8f chromedriver + 73615
5   chromedriver                        0x000000010fa4db44 chromedriver + 289604
6   chromedriver                        0x000000010fa48923 chromedriver + 268579
7   chromedriver                        0x000000010fa2200a chromedriver + 110602
8   chromedriver                        0x000000010fa22fc7 chromedriver + 114631
9   chromedriver                        0x000000010fc3d429 chromedriver + 2319401
10  chromedriver                        0x000000010fc4953f chromedriver + 2368831
11  chromedriver                        0x000000010fc49150 chromedriver + 2367824
12  chromedriver                        0x000000010fc2423b chromedriver + 2216507
13  chromedriver                        0x000000010fc49a91 chromedriver + 2370193
14  chromedriver                        0x000000010fc324f9 chromedriver + 2274553
15  chromedriver                        0x000000010fc5ff89 chromedriver + 2461577
16  chromedriver                        0x000000010fc713b3 chromedriver + 2532275
17  libsystem_pthread.dylib             0x00007fff73fbb661 _pthread_body + 340
18  libsystem_pthread.dylib             0x00007fff73fbb50d _pthread_body + 0
19  libsystem_pthread.dylib             0x00007fff73fbabf9 thread_start + 13
">
      <![CDATA[org.openqa.selenium.InvalidArgumentException: invalid argument: user data directory is already in use, please specify a unique value for --user-data-dir argument, or don't use --user-data-dir
Build info: version: '3.141.59', revision: 'e82be7d358', time: '2018-11-14T08:17:03'
System info: host: 'HMDNYC-41RVJGH5', ip: '2603:8080:5740:16:0:0:0:10f7%en0', os.name: 'Mac OS X', os.arch: 'x86_64', os.version: '10.13.6', java.version: '1.8.0_211'
Driver info: driver.version: ChromeDriver
remote stacktrace: 0   chromedriver                        0x000000010fc6bd79 chromedriver + 2510201
1   chromedriver                        0x00000001102d8743 chromedriver + 9246531
2   chromedriver                        0x000000010faa6623 chromedriver + 652835
3   chromedriver                        0x000000010fa1c484 chromedriver + 87172
4   chromedriver                        0x000000010fa18f8f chromedriver + 73615
5   chromedriver                        0x000000010fa4db44 chromedriver + 289604
6   chromedriver                        0x000000010fa48923 chromedriver + 268579
7   chromedriver                        0x000000010fa2200a chromedriver + 110602
8   chromedriver                        0x000000010fa22fc7 chromedriver + 114631
9   chromedriver                        0x000000010fc3d429 chromedriver + 2319401
10  chromedriver                        0x000000010fc4953f chromedriver + 2368831
11  chromedriver                        0x000000010fc49150 chromedriver + 2367824
12  chromedriver                        0x000000010fc2423b chromedriver + 2216507
13  chromedriver                        0x000000010fc49a91 chromedriver + 2370193
14  chromedriver                        0x000000010fc324f9 chromedriver + 2274553
15  chromedriver                        0x000000010fc5ff89 chromedriver + 2461577
16  chromedriver                        0x000000010fc713b3 chromedriver + 2532275
17  libsystem_pthread.dylib             0x00007fff73fbb661 _pthread_body + 340
18  libsystem_pthread.dylib             0x00007fff73fbb50d _pthread_body + 0
19  libsystem_pthread.dylib             0x00007fff73fbabf9 thread_start + 13

	at sun.reflect.NativeConstructorAccessorImpl.newInstance0(Native Method)
	at sun.reflect.NativeConstructorAccessorImpl.newInstance(NativeConstructorAccessorImpl.java:62)
	at sun.reflect.DelegatingConstructorAccessorImpl.newInstance(DelegatingConstructorAccessorImpl.java:45)
	at java.lang.reflect.Constructor.newInstance(Constructor.java:423)
	at org.openqa.selenium.remote.W3CHandshakeResponse.lambda$errorHandler$0(W3CHandshakeResponse.java:62)
	at org.openqa.selenium.remote.HandshakeResponse.lambda$getResponseFunction$0(HandshakeResponse.java:30)
	at org.openqa.selenium.remote.ProtocolHandshake.lambda$createSession$0(ProtocolHandshake.java:126)
	at java.util.stream.ReferencePipeline$3$1.accept(ReferencePipeline.java:193)
	at java.util.Spliterators$ArraySpliterator.tryAdvance(Spliterators.java:958)
	at java.util.stream.ReferencePipeline.forEachWithCancel(ReferencePipeline.java:126)
	at java.util.stream.AbstractPipeline.copyIntoWithCancel(AbstractPipeline.java:498)
	at java.util.stream.AbstractPipeline.copyInto(AbstractPipeline.java:485)
	at java.util.stream.AbstractPipeline.wrapAndCopyInto(AbstractPipeline.java:471)
	at java.util.stream.FindOps$FindOp.evaluateSequential(FindOps.java:152)
	at java.util.stream.AbstractPipeline.evaluate(AbstractPipeline.java:234)
	at java.util.stream.ReferencePipeline.findFirst(ReferencePipeline.java:464)
	at org.openqa.selenium.remote.ProtocolHandshake.createSession(ProtocolHandshake.java:128)
	at org.openqa.selenium.remote.ProtocolHandshake.createSession(ProtocolHandshake.java:74)
	at org.openqa.selenium.remote.HttpCommandExecutor.execute(HttpCommandExecutor.java:136)
	at org.openqa.selenium.remote.service.DriverCommandExecutor.execute(DriverCommandExecutor.java:83)
	at org.openqa.selenium.remote.RemoteWebDriver.execute(RemoteWebDriver.java:552)
	at org.openqa.selenium.remote.RemoteWebDriver.startSession(RemoteWebDriver.java:213)
	at org.openqa.selenium.remote.RemoteWebDriver.<init>(RemoteWebDriver.java:131)
	at org.openqa.selenium.chrome.ChromeDriver.<init>(ChromeDriver.java:181)
	at org.openqa.selenium.chrome.ChromeDriver.<init>(ChromeDriver.java:168)
	at org.openqa.selenium.chrome.ChromeDriver.<init>(ChromeDriver.java:157)
	at com.toy.selenium.core.BaseTest.setUp(BaseTest.java:150)
	at sun.reflect.NativeMethodAccessorImpl.invoke0(Native Method)
	at sun.reflect.NativeMethodAccessorImpl.invoke(NativeMethodAccessorImpl.java:62)
	at sun.reflect.DelegatingMethodAccessorImpl.invoke(DelegatingMethodAccessorImpl.java:43)
	at java.lang.reflect.Method.invoke(Method.java:498)
	at org.testng.internal.MethodInvocationHelper.invokeMethod(MethodInvocationHelper.java:85)
	at org.testng.internal.Invoker.invokeConfigurationMethod(Invoker.java:510)
	at org.testng.internal.Invoker.invokeConfigurations(Invoker.java:211)
	at org.testng.internal.Invoker.invokeConfigurations(Invoker.java:138)
	at org.testng.internal.TestMethodWorker.invokeBeforeClassMethods(TestMethodWorker.java:170)
	at org.testng.internal.TestMethodWorker.run(TestMethodWorker.java:104)
	at org.testng.TestRunner.privateRun(TestRunner.java:774)
	at org.testng.TestRunner.run(TestRunner.java:624)
	at org.testng.SuiteRunner.runTest(SuiteRunner.java:359)
	at org.testng.SuiteRunner.runSequentially(SuiteRunner.java:354)
	at org.testng.SuiteRunner.privateRun(SuiteRunner.java:312)
	at org.testng.SuiteRunner.run(SuiteRunner.java:261)
	at org.testng.SuiteRunnerWorker.runSuite(SuiteRunnerWorker.java:52)
	at org.testng.SuiteRunnerWorker.run(SuiteRunnerWorker.java:86)
	at org.testng.TestNG.runSuitesSequentially(TestNG.java:1215)
	at org.testng.TestNG.runSuitesLocally(TestNG.java:1140)
	at org.testng.TestNG.run(TestNG.java:1048)
	at org.testng.remote.AbstractRemoteTestNG.run(AbstractRemoteTestNG.java:115)
	at org.testng.remote.RemoteTestNG.initAndRun(RemoteTestNG.java:251)
	at org.testng.remote.RemoteTestNG.main(RemoteTestNG.java:77)
]]>
    </error>
  </testcase> <!-- testSmartPathModal -->
  <testcase name="testGXPChangeZipLocationModal" time="0.002" classname="com.test.us.functional.GXPSmartPath">
    <error type="org.openqa.selenium.InvalidArgumentException" message="invalid argument: user data directory is already in use, please specify a unique value for --user-data-dir argument, or don&#039;t use --user-data-dir
Build info: version: &#039;3.141.59&#039;, revision: &#039;e82be7d358&#039;, time: &#039;2018-11-14T08:17:03&#039;
System info: host: &#039;HMDNYC-41RVJGH5&#039;, ip: &#039;2603:8080:5740:16:0:0:0:10f7%en0&#039;, os.name: &#039;Mac OS X&#039;, os.arch: &#039;x86_64&#039;, os.version: &#039;10.13.6&#039;, java.version: &#039;1.8.0_211&#039;
Driver info: driver.version: ChromeDriver
remote stacktrace: 0   chromedriver                        0x000000010fc6bd79 chromedriver + 2510201
1   chromedriver                        0x00000001102d8743 chromedriver + 9246531
2   chromedriver                        0x000000010faa6623 chromedriver + 652835
3   chromedriver                        0x000000010fa1c484 chromedriver + 87172
4   chromedriver                        0x000000010fa18f8f chromedriver + 73615
5   chromedriver                        0x000000010fa4db44 chromedriver + 289604
6   chromedriver                        0x000000010fa48923 chromedriver + 268579
7   chromedriver                        0x000000010fa2200a chromedriver + 110602
8   chromedriver                        0x000000010fa22fc7 chromedriver + 114631
9   chromedriver                        0x000000010fc3d429 chromedriver + 2319401
10  chromedriver                        0x000000010fc4953f chromedriver + 2368831
11  chromedriver                        0x000000010fc49150 chromedriver + 2367824
12  chromedriver                        0x000000010fc2423b chromedriver + 2216507
13  chromedriver                        0x000000010fc49a91 chromedriver + 2370193
14  chromedriver                        0x000000010fc324f9 chromedriver + 2274553
15  chromedriver                        0x000000010fc5ff89 chromedriver + 2461577
16  chromedriver                        0x000000010fc713b3 chromedriver + 2532275
17  libsystem_pthread.dylib             0x00007fff73fbb661 _pthread_body + 340
18  libsystem_pthread.dylib             0x00007fff73fbb50d _pthread_body + 0
19  libsystem_pthread.dylib             0x00007fff73fbabf9 thread_start + 13
">
      <![CDATA[org.openqa.selenium.InvalidArgumentException: invalid argument: user data directory is already in use, please specify a unique value for --user-data-dir argument, or don't use --user-data-dir
Build info: version: '3.141.59', revision: 'e82be7d358', time: '2018-11-14T08:17:03'
System info: host: 'HMDNYC-41RVJGH5', ip: '2603:8080:5740:16:0:0:0:10f7%en0', os.name: 'Mac OS X', os.arch: 'x86_64', os.version: '10.13.6', java.version: '1.8.0_211'
Driver info: driver.version: ChromeDriver
remote stacktrace: 0   chromedriver                        0x000000010fc6bd79 chromedriver + 2510201
1   chromedriver                        0x00000001102d8743 chromedriver + 9246531
2   chromedriver                        0x000000010faa6623 chromedriver + 652835
3   chromedriver                        0x000000010fa1c484 chromedriver + 87172
4   chromedriver                        0x000000010fa18f8f chromedriver + 73615
5   chromedriver                        0x000000010fa4db44 chromedriver + 289604
6   chromedriver                        0x000000010fa48923 chromedriver + 268579
7   chromedriver                        0x000000010fa2200a chromedriver + 110602
8   chromedriver                        0x000000010fa22fc7 chromedriver + 114631
9   chromedriver                        0x000000010fc3d429 chromedriver + 2319401
10  chromedriver                        0x000000010fc4953f chromedriver + 2368831
11  chromedriver                        0x000000010fc49150 chromedriver + 2367824
12  chromedriver                        0x000000010fc2423b chromedriver + 2216507
13  chromedriver                        0x000000010fc49a91 chromedriver + 2370193
14  chromedriver                        0x000000010fc324f9 chromedriver + 2274553
15  chromedriver                        0x000000010fc5ff89 chromedriver + 2461577
16  chromedriver                        0x000000010fc713b3 chromedriver + 2532275
17  libsystem_pthread.dylib             0x00007fff73fbb661 _pthread_body + 340
18  libsystem_pthread.dylib             0x00007fff73fbb50d _pthread_body + 0
19  libsystem_pthread.dylib             0x00007fff73fbabf9 thread_start + 13

	at sun.reflect.NativeConstructorAccessorImpl.newInstance0(Native Method)
	at sun.reflect.NativeConstructorAccessorImpl.newInstance(NativeConstructorAccessorImpl.java:62)
	at sun.reflect.DelegatingConstructorAccessorImpl.newInstance(DelegatingConstructorAccessorImpl.java:45)
	at java.lang.reflect.Constructor.newInstance(Constructor.java:423)
	at org.openqa.selenium.remote.W3CHandshakeResponse.lambda$errorHandler$0(W3CHandshakeResponse.java:62)
	at org.openqa.selenium.remote.HandshakeResponse.lambda$getResponseFunction$0(HandshakeResponse.java:30)
	at org.openqa.selenium.remote.ProtocolHandshake.lambda$createSession$0(ProtocolHandshake.java:126)
	at java.util.stream.ReferencePipeline$3$1.accept(ReferencePipeline.java:193)
	at java.util.Spliterators$ArraySpliterator.tryAdvance(Spliterators.java:958)
	at java.util.stream.ReferencePipeline.forEachWithCancel(ReferencePipeline.java:126)
	at java.util.stream.AbstractPipeline.copyIntoWithCancel(AbstractPipeline.java:498)
	at java.util.stream.AbstractPipeline.copyInto(AbstractPipeline.java:485)
	at java.util.stream.AbstractPipeline.wrapAndCopyInto(AbstractPipeline.java:471)
	at java.util.stream.FindOps$FindOp.evaluateSequential(FindOps.java:152)
	at java.util.stream.AbstractPipeline.evaluate(AbstractPipeline.java:234)
	at java.util.stream.ReferencePipeline.findFirst(ReferencePipeline.java:464)
	at org.openqa.selenium.remote.ProtocolHandshake.createSession(ProtocolHandshake.java:128)
	at org.openqa.selenium.remote.ProtocolHandshake.createSession(ProtocolHandshake.java:74)
	at org.openqa.selenium.remote.HttpCommandExecutor.execute(HttpCommandExecutor.java:136)
	at org.openqa.selenium.remote.service.DriverCommandExecutor.execute(DriverCommandExecutor.java:83)
	at org.openqa.selenium.remote.RemoteWebDriver.execute(RemoteWebDriver.java:552)
	at org.openqa.selenium.remote.RemoteWebDriver.startSession(RemoteWebDriver.java:213)
	at org.openqa.selenium.remote.RemoteWebDriver.<init>(RemoteWebDriver.java:131)
	at org.openqa.selenium.chrome.ChromeDriver.<init>(ChromeDriver.java:181)
	at org.openqa.selenium.chrome.ChromeDriver.<init>(ChromeDriver.java:168)
	at org.openqa.selenium.chrome.ChromeDriver.<init>(ChromeDriver.java:157)
	at com.toy.selenium.core.BaseTest.setUp(BaseTest.java:150)
	at sun.reflect.NativeMethodAccessorImpl.invoke0(Native Method)
	at sun.reflect.NativeMethodAccessorImpl.invoke(NativeMethodAccessorImpl.java:62)
	at sun.reflect.DelegatingMethodAccessorImpl.invoke(DelegatingMethodAccessorImpl.java:43)
	at java.lang.reflect.Method.invoke(Method.java:498)
	at org.testng.internal.MethodInvocationHelper.invokeMethod(MethodInvocationHelper.java:85)
	at org.testng.internal.Invoker.invokeConfigurationMethod(Invoker.java:510)
	at org.testng.internal.Invoker.invokeConfigurations(Invoker.java:211)
	at org.testng.internal.Invoker.invokeConfigurations(Invoker.java:138)
	at org.testng.internal.TestMethodWorker.invokeBeforeClassMethods(TestMethodWorker.java:170)
	at org.testng.internal.TestMethodWorker.run(TestMethodWorker.java:104)
	at org.testng.TestRunner.privateRun(TestRunner.java:774)
	at org.testng.TestRunner.run(TestRunner.java:624)
	at org.testng.SuiteRunner.runTest(SuiteRunner.java:359)
	at org.testng.SuiteRunner.runSequentially(SuiteRunner.java:354)
	at org.testng.SuiteRunner.privateRun(SuiteRunner.java:312)
	at org.testng.SuiteRunner.run(SuiteRunner.java:261)
	at org.testng.SuiteRunnerWorker.runSuite(SuiteRunnerWorker.java:52)
	at org.testng.SuiteRunnerWorker.run(SuiteRunnerWorker.java:86)
	at org.testng.TestNG.runSuitesSequentially(TestNG.java:1215)
	at org.testng.TestNG.runSuitesLocally(TestNG.java:1140)
	at org.testng.TestNG.run(TestNG.java:1048)
	at org.testng.remote.AbstractRemoteTestNG.run(AbstractRemoteTestNG.java:115)
	at org.testng.remote.RemoteTestNG.initAndRun(RemoteTestNG.java:251)
	at org.testng.remote.RemoteTestNG.main(RemoteTestNG.java:77)
]]>
    </error>
  </testcase> <!-- testGXPChangeZipLocationModal -->
  <testcase name="testSmartPathModal" time="0.118" classname="com.test.us.functional.GXPSmartPath">
    <error type="org.openqa.selenium.InvalidArgumentException" message="invalid argument: user data directory is already in use, please specify a unique value for --user-data-dir argument, or don&#039;t use --user-data-dir
Build info: version: &#039;3.141.59&#039;, revision: &#039;e82be7d358&#039;, time: &#039;2018-11-14T08:17:03&#039;
System info: host: &#039;HMDNYC-41RVJGH5&#039;, ip: &#039;2603:8080:5740:16:0:0:0:10f7%en0&#039;, os.name: &#039;Mac OS X&#039;, os.arch: &#039;x86_64&#039;, os.version: &#039;10.13.6&#039;, java.version: &#039;1.8.0_211&#039;
Driver info: driver.version: ChromeDriver
remote stacktrace: 0   chromedriver                        0x000000010fc6bd79 chromedriver + 2510201
1   chromedriver                        0x00000001102d8743 chromedriver + 9246531
2   chromedriver                        0x000000010faa6623 chromedriver + 652835
3   chromedriver                        0x000000010fa1c484 chromedriver + 87172
4   chromedriver                        0x000000010fa18f8f chromedriver + 73615
5   chromedriver                        0x000000010fa4db44 chromedriver + 289604
6   chromedriver                        0x000000010fa48923 chromedriver + 268579
7   chromedriver                        0x000000010fa2200a chromedriver + 110602
8   chromedriver                        0x000000010fa22fc7 chromedriver + 114631
9   chromedriver                        0x000000010fc3d429 chromedriver + 2319401
10  chromedriver                        0x000000010fc4953f chromedriver + 2368831
11  chromedriver                        0x000000010fc49150 chromedriver + 2367824
12  chromedriver                        0x000000010fc2423b chromedriver + 2216507
13  chromedriver                        0x000000010fc49a91 chromedriver + 2370193
14  chromedriver                        0x000000010fc324f9 chromedriver + 2274553
15  chromedriver                        0x000000010fc5ff89 chromedriver + 2461577
16  chromedriver                        0x000000010fc713b3 chromedriver + 2532275
17  libsystem_pthread.dylib             0x00007fff73fbb661 _pthread_body + 340
18  libsystem_pthread.dylib             0x00007fff73fbb50d _pthread_body + 0
19  libsystem_pthread.dylib             0x00007fff73fbabf9 thread_start + 13
">
      <![CDATA[org.openqa.selenium.InvalidArgumentException: invalid argument: user data directory is already in use, please specify a unique value for --user-data-dir argument, or don't use --user-data-dir
Build info: version: '3.141.59', revision: 'e82be7d358', time: '2018-11-14T08:17:03'
System info: host: 'HMDNYC-41RVJGH5', ip: '2603:8080:5740:16:0:0:0:10f7%en0', os.name: 'Mac OS X', os.arch: 'x86_64', os.version: '10.13.6', java.version: '1.8.0_211'
Driver info: driver.version: ChromeDriver
remote stacktrace: 0   chromedriver                        0x000000010fc6bd79 chromedriver + 2510201
1   chromedriver                        0x00000001102d8743 chromedriver + 9246531
2   chromedriver                        0x000000010faa6623 chromedriver + 652835
3   chromedriver                        0x000000010fa1c484 chromedriver + 87172
4   chromedriver                        0x000000010fa18f8f chromedriver + 73615
5   chromedriver                        0x000000010fa4db44 chromedriver + 289604
6   chromedriver                        0x000000010fa48923 chromedriver + 268579
7   chromedriver                        0x000000010fa2200a chromedriver + 110602
8   chromedriver                        0x000000010fa22fc7 chromedriver + 114631
9   chromedriver                        0x000000010fc3d429 chromedriver + 2319401
10  chromedriver                        0x000000010fc4953f chromedriver + 2368831
11  chromedriver                        0x000000010fc49150 chromedriver + 2367824
12  chromedriver                        0x000000010fc2423b chromedriver + 2216507
13  chromedriver                        0x000000010fc49a91 chromedriver + 2370193
14  chromedriver                        0x000000010fc324f9 chromedriver + 2274553
15  chromedriver                        0x000000010fc5ff89 chromedriver + 2461577
16  chromedriver                        0x000000010fc713b3 chromedriver + 2532275
17  libsystem_pthread.dylib             0x00007fff73fbb661 _pthread_body + 340
18  libsystem_pthread.dylib             0x00007fff73fbb50d _pthread_body + 0
19  libsystem_pthread.dylib             0x00007fff73fbabf9 thread_start + 13

	at sun.reflect.NativeConstructorAccessorImpl.newInstance0(Native Method)
	at sun.reflect.NativeConstructorAccessorImpl.newInstance(NativeConstructorAccessorImpl.java:62)
	at sun.reflect.DelegatingConstructorAccessorImpl.newInstance(DelegatingConstructorAccessorImpl.java:45)
	at java.lang.reflect.Constructor.newInstance(Constructor.java:423)
	at org.openqa.selenium.remote.W3CHandshakeResponse.lambda$errorHandler$0(W3CHandshakeResponse.java:62)
	at org.openqa.selenium.remote.HandshakeResponse.lambda$getResponseFunction$0(HandshakeResponse.java:30)
	at org.openqa.selenium.remote.ProtocolHandshake.lambda$createSession$0(ProtocolHandshake.java:126)
	at java.util.stream.ReferencePipeline$3$1.accept(ReferencePipeline.java:193)
	at java.util.Spliterators$ArraySpliterator.tryAdvance(Spliterators.java:958)
	at java.util.stream.ReferencePipeline.forEachWithCancel(ReferencePipeline.java:126)
	at java.util.stream.AbstractPipeline.copyIntoWithCancel(AbstractPipeline.java:498)
	at java.util.stream.AbstractPipeline.copyInto(AbstractPipeline.java:485)
	at java.util.stream.AbstractPipeline.wrapAndCopyInto(AbstractPipeline.java:471)
	at java.util.stream.FindOps$FindOp.evaluateSequential(FindOps.java:152)
	at java.util.stream.AbstractPipeline.evaluate(AbstractPipeline.java:234)
	at java.util.stream.ReferencePipeline.findFirst(ReferencePipeline.java:464)
	at org.openqa.selenium.remote.ProtocolHandshake.createSession(ProtocolHandshake.java:128)
	at org.openqa.selenium.remote.ProtocolHandshake.createSession(ProtocolHandshake.java:74)
	at org.openqa.selenium.remote.HttpCommandExecutor.execute(HttpCommandExecutor.java:136)
	at org.openqa.selenium.remote.service.DriverCommandExecutor.execute(DriverCommandExecutor.java:83)
	at org.openqa.selenium.remote.RemoteWebDriver.execute(RemoteWebDriver.java:552)
	at org.openqa.selenium.remote.RemoteWebDriver.startSession(RemoteWebDriver.java:213)
	at org.openqa.selenium.remote.RemoteWebDriver.<init>(RemoteWebDriver.java:131)
	at org.openqa.selenium.chrome.ChromeDriver.<init>(ChromeDriver.java:181)
	at org.openqa.selenium.chrome.ChromeDriver.<init>(ChromeDriver.java:168)
	at org.openqa.selenium.chrome.ChromeDriver.<init>(ChromeDriver.java:157)
	at com.toy.selenium.core.BaseTest.setUp(BaseTest.java:150)
	at sun.reflect.NativeMethodAccessorImpl.invoke0(Native Method)
	at sun.reflect.NativeMethodAccessorImpl.invoke(NativeMethodAccessorImpl.java:62)
	at sun.reflect.DelegatingMethodAccessorImpl.invoke(DelegatingMethodAccessorImpl.java:43)
	at java.lang.reflect.Method.invoke(Method.java:498)
	at org.testng.internal.MethodInvocationHelper.invokeMethod(MethodInvocationHelper.java:85)
	at org.testng.internal.Invoker.invokeConfigurationMethod(Invoker.java:510)
	at org.testng.internal.Invoker.invokeConfigurations(Invoker.java:211)
	at org.testng.internal.Invoker.invokeConfigurations(Invoker.java:138)
	at org.testng.internal.TestMethodWorker.invokeBeforeClassMethods(TestMethodWorker.java:170)
	at org.testng.internal.TestMethodWorker.run(TestMethodWorker.java:104)
	at org.testng.TestRunner.privateRun(TestRunner.java:774)
	at org.testng.TestRunner.run(TestRunner.java:624)
	at org.testng.SuiteRunner.runTest(SuiteRunner.java:359)
	at org.testng.SuiteRunner.runSequentially(SuiteRunner.java:354)
	at org.testng.SuiteRunner.privateRun(SuiteRunner.java:312)
	at org.testng.SuiteRunner.run(SuiteRunner.java:261)
	at org.testng.SuiteRunnerWorker.runSuite(SuiteRunnerWorker.java:52)
	at org.testng.SuiteRunnerWorker.run(SuiteRunnerWorker.java:86)
	at org.testng.TestNG.runSuitesSequentially(TestNG.java:1215)
	at org.testng.TestNG.runSuitesLocally(TestNG.java:1140)
	at org.testng.TestNG.run(TestNG.java:1048)
	at org.testng.remote.AbstractRemoteTestNG.run(AbstractRemoteTestNG.java:115)
	at org.testng.remote.RemoteTestNG.initAndRun(RemoteTestNG.java:251)
	at org.testng.remote.RemoteTestNG.main(RemoteTestNG.java:77)
]]>
    </error>
  </testcase> <!-- testSmartPathModal -->
  <testcase name="testGXPBuildAndPrice" time="0.001" classname="com.test.us.functional.GXPSmartPath">
    <error type="org.openqa.selenium.InvalidArgumentException" message="invalid argument: user data directory is already in use, please specify a unique value for --user-data-dir argument, or don&#039;t use --user-data-dir
Build info: version: &#039;3.141.59&#039;, revision: &#039;e82be7d358&#039;, time: &#039;2018-11-14T08:17:03&#039;
System info: host: &#039;HMDNYC-41RVJGH5&#039;, ip: &#039;2603:8080:5740:16:0:0:0:10f7%en0&#039;, os.name: &#039;Mac OS X&#039;, os.arch: &#039;x86_64&#039;, os.version: &#039;10.13.6&#039;, java.version: &#039;1.8.0_211&#039;
Driver info: driver.version: ChromeDriver
remote stacktrace: 0   chromedriver                        0x000000010fc6bd79 chromedriver + 2510201
1   chromedriver                        0x00000001102d8743 chromedriver + 9246531
2   chromedriver                        0x000000010faa6623 chromedriver + 652835
3   chromedriver                        0x000000010fa1c484 chromedriver + 87172
4   chromedriver                        0x000000010fa18f8f chromedriver + 73615
5   chromedriver                        0x000000010fa4db44 chromedriver + 289604
6   chromedriver                        0x000000010fa48923 chromedriver + 268579
7   chromedriver                        0x000000010fa2200a chromedriver + 110602
8   chromedriver                        0x000000010fa22fc7 chromedriver + 114631
9   chromedriver                        0x000000010fc3d429 chromedriver + 2319401
10  chromedriver                        0x000000010fc4953f chromedriver + 2368831
11  chromedriver                        0x000000010fc49150 chromedriver + 2367824
12  chromedriver                        0x000000010fc2423b chromedriver + 2216507
13  chromedriver                        0x000000010fc49a91 chromedriver + 2370193
14  chromedriver                        0x000000010fc324f9 chromedriver + 2274553
15  chromedriver                        0x000000010fc5ff89 chromedriver + 2461577
16  chromedriver                        0x000000010fc713b3 chromedriver + 2532275
17  libsystem_pthread.dylib             0x00007fff73fbb661 _pthread_body + 340
18  libsystem_pthread.dylib             0x00007fff73fbb50d _pthread_body + 0
19  libsystem_pthread.dylib             0x00007fff73fbabf9 thread_start + 13
">
      <![CDATA[org.openqa.selenium.InvalidArgumentException: invalid argument: user data directory is already in use, please specify a unique value for --user-data-dir argument, or don't use --user-data-dir
Build info: version: '3.141.59', revision: 'e82be7d358', time: '2018-11-14T08:17:03'
System info: host: 'HMDNYC-41RVJGH5', ip: '2603:8080:5740:16:0:0:0:10f7%en0', os.name: 'Mac OS X', os.arch: 'x86_64', os.version: '10.13.6', java.version: '1.8.0_211'
Driver info: driver.version: ChromeDriver
remote stacktrace: 0   chromedriver                        0x000000010fc6bd79 chromedriver + 2510201
1   chromedriver                        0x00000001102d8743 chromedriver + 9246531
2   chromedriver                        0x000000010faa6623 chromedriver + 652835
3   chromedriver                        0x000000010fa1c484 chromedriver + 87172
4   chromedriver                        0x000000010fa18f8f chromedriver + 73615
5   chromedriver                        0x000000010fa4db44 chromedriver + 289604
6   chromedriver                        0x000000010fa48923 chromedriver + 268579
7   chromedriver                        0x000000010fa2200a chromedriver + 110602
8   chromedriver                        0x000000010fa22fc7 chromedriver + 114631
9   chromedriver                        0x000000010fc3d429 chromedriver + 2319401
10  chromedriver                        0x000000010fc4953f chromedriver + 2368831
11  chromedriver                        0x000000010fc49150 chromedriver + 2367824
12  chromedriver                        0x000000010fc2423b chromedriver + 2216507
13  chromedriver                        0x000000010fc49a91 chromedriver + 2370193
14  chromedriver                        0x000000010fc324f9 chromedriver + 2274553
15  chromedriver                        0x000000010fc5ff89 chromedriver + 2461577
16  chromedriver                        0x000000010fc713b3 chromedriver + 2532275
17  libsystem_pthread.dylib             0x00007fff73fbb661 _pthread_body + 340
18  libsystem_pthread.dylib             0x00007fff73fbb50d _pthread_body + 0
19  libsystem_pthread.dylib             0x00007fff73fbabf9 thread_start + 13

	at sun.reflect.NativeConstructorAccessorImpl.newInstance0(Native Method)
	at sun.reflect.NativeConstructorAccessorImpl.newInstance(NativeConstructorAccessorImpl.java:62)
	at sun.reflect.DelegatingConstructorAccessorImpl.newInstance(DelegatingConstructorAccessorImpl.java:45)
	at java.lang.reflect.Constructor.newInstance(Constructor.java:423)
	at org.openqa.selenium.remote.W3CHandshakeResponse.lambda$errorHandler$0(W3CHandshakeResponse.java:62)
	at org.openqa.selenium.remote.HandshakeResponse.lambda$getResponseFunction$0(HandshakeResponse.java:30)
	at org.openqa.selenium.remote.ProtocolHandshake.lambda$createSession$0(ProtocolHandshake.java:126)
	at java.util.stream.ReferencePipeline$3$1.accept(ReferencePipeline.java:193)
	at java.util.Spliterators$ArraySpliterator.tryAdvance(Spliterators.java:958)
	at java.util.stream.ReferencePipeline.forEachWithCancel(ReferencePipeline.java:126)
	at java.util.stream.AbstractPipeline.copyIntoWithCancel(AbstractPipeline.java:498)
	at java.util.stream.AbstractPipeline.copyInto(AbstractPipeline.java:485)
	at java.util.stream.AbstractPipeline.wrapAndCopyInto(AbstractPipeline.java:471)
	at java.util.stream.FindOps$FindOp.evaluateSequential(FindOps.java:152)
	at java.util.stream.AbstractPipeline.evaluate(AbstractPipeline.java:234)
	at java.util.stream.ReferencePipeline.findFirst(ReferencePipeline.java:464)
	at org.openqa.selenium.remote.ProtocolHandshake.createSession(ProtocolHandshake.java:128)
	at org.openqa.selenium.remote.ProtocolHandshake.createSession(ProtocolHandshake.java:74)
	at org.openqa.selenium.remote.HttpCommandExecutor.execute(HttpCommandExecutor.java:136)
	at org.openqa.selenium.remote.service.DriverCommandExecutor.execute(DriverCommandExecutor.java:83)
	at org.openqa.selenium.remote.RemoteWebDriver.execute(RemoteWebDriver.java:552)
	at org.openqa.selenium.remote.RemoteWebDriver.startSession(RemoteWebDriver.java:213)
	at org.openqa.selenium.remote.RemoteWebDriver.<init>(RemoteWebDriver.java:131)
	at org.openqa.selenium.chrome.ChromeDriver.<init>(ChromeDriver.java:181)
	at org.openqa.selenium.chrome.ChromeDriver.<init>(ChromeDriver.java:168)
	at org.openqa.selenium.chrome.ChromeDriver.<init>(ChromeDriver.java:157)
	at com.toy.selenium.core.BaseTest.setUp(BaseTest.java:150)
	at sun.reflect.NativeMethodAccessorImpl.invoke0(Native Method)
	at sun.reflect.NativeMethodAccessorImpl.invoke(NativeMethodAccessorImpl.java:62)
	at sun.reflect.DelegatingMethodAccessorImpl.invoke(DelegatingMethodAccessorImpl.java:43)
	at java.lang.reflect.Method.invoke(Method.java:498)
	at org.testng.internal.MethodInvocationHelper.invokeMethod(MethodInvocationHelper.java:85)
	at org.testng.internal.Invoker.invokeConfigurationMethod(Invoker.java:510)
	at org.testng.internal.Invoker.invokeConfigurations(Invoker.java:211)
	at org.testng.internal.Invoker.invokeConfigurations(Invoker.java:138)
	at org.testng.internal.TestMethodWorker.invokeBeforeClassMethods(TestMethodWorker.java:170)
	at org.testng.internal.TestMethodWorker.run(TestMethodWorker.java:104)
	at org.testng.TestRunner.privateRun(TestRunner.java:774)
	at org.testng.TestRunner.run(TestRunner.java:624)
	at org.testng.SuiteRunner.runTest(SuiteRunner.java:359)
	at org.testng.SuiteRunner.runSequentially(SuiteRunner.java:354)
	at org.testng.SuiteRunner.privateRun(SuiteRunner.java:312)
	at org.testng.SuiteRunner.run(SuiteRunner.java:261)
	at org.testng.SuiteRunnerWorker.runSuite(SuiteRunnerWorker.java:52)
	at org.testng.SuiteRunnerWorker.run(SuiteRunnerWorker.java:86)
	at org.testng.TestNG.runSuitesSequentially(TestNG.java:1215)
	at org.testng.TestNG.runSuitesLocally(TestNG.java:1140)
	at org.testng.TestNG.run(TestNG.java:1048)
	at org.testng.remote.AbstractRemoteTestNG.run(AbstractRemoteTestNG.java:115)
	at org.testng.remote.RemoteTestNG.initAndRun(RemoteTestNG.java:251)
	at org.testng.remote.RemoteTestNG.main(RemoteTestNG.java:77)
]]>
    </error>
  </testcase> <!-- testGXPBuildAndPrice -->
  <testcase name="testSmartPathModal" time="0.001" classname="com.test.us.functional.GXPSmartPath">
    <error type="org.openqa.selenium.InvalidArgumentException" message="invalid argument: user data directory is already in use, please specify a unique value for --user-data-dir argument, or don&#039;t use --user-data-dir
Build info: version: &#039;3.141.59&#039;, revision: &#039;e82be7d358&#039;, time: &#039;2018-11-14T08:17:03&#039;
System info: host: &#039;HMDNYC-41RVJGH5&#039;, ip: &#039;2603:8080:5740:16:0:0:0:10f7%en0&#039;, os.name: &#039;Mac OS X&#039;, os.arch: &#039;x86_64&#039;, os.version: &#039;10.13.6&#039;, java.version: &#039;1.8.0_211&#039;
Driver info: driver.version: ChromeDriver
remote stacktrace: 0   chromedriver                        0x000000010fc6bd79 chromedriver + 2510201
1   chromedriver                        0x00000001102d8743 chromedriver + 9246531
2   chromedriver                        0x000000010faa6623 chromedriver + 652835
3   chromedriver                        0x000000010fa1c484 chromedriver + 87172
4   chromedriver                        0x000000010fa18f8f chromedriver + 73615
5   chromedriver                        0x000000010fa4db44 chromedriver + 289604
6   chromedriver                        0x000000010fa48923 chromedriver + 268579
7   chromedriver                        0x000000010fa2200a chromedriver + 110602
8   chromedriver                        0x000000010fa22fc7 chromedriver + 114631
9   chromedriver                        0x000000010fc3d429 chromedriver + 2319401
10  chromedriver                        0x000000010fc4953f chromedriver + 2368831
11  chromedriver                        0x000000010fc49150 chromedriver + 2367824
12  chromedriver                        0x000000010fc2423b chromedriver + 2216507
13  chromedriver                        0x000000010fc49a91 chromedriver + 2370193
14  chromedriver                        0x000000010fc324f9 chromedriver + 2274553
15  chromedriver                        0x000000010fc5ff89 chromedriver + 2461577
16  chromedriver                        0x000000010fc713b3 chromedriver + 2532275
17  libsystem_pthread.dylib             0x00007fff73fbb661 _pthread_body + 340
18  libsystem_pthread.dylib             0x00007fff73fbb50d _pthread_body + 0
19  libsystem_pthread.dylib             0x00007fff73fbabf9 thread_start + 13
">
      <![CDATA[org.openqa.selenium.InvalidArgumentException: invalid argument: user data directory is already in use, please specify a unique value for --user-data-dir argument, or don't use --user-data-dir
Build info: version: '3.141.59', revision: 'e82be7d358', time: '2018-11-14T08:17:03'
System info: host: 'HMDNYC-41RVJGH5', ip: '2603:8080:5740:16:0:0:0:10f7%en0', os.name: 'Mac OS X', os.arch: 'x86_64', os.version: '10.13.6', java.version: '1.8.0_211'
Driver info: driver.version: ChromeDriver
remote stacktrace: 0   chromedriver                        0x000000010fc6bd79 chromedriver + 2510201
1   chromedriver                        0x00000001102d8743 chromedriver + 9246531
2   chromedriver                        0x000000010faa6623 chromedriver + 652835
3   chromedriver                        0x000000010fa1c484 chromedriver + 87172
4   chromedriver                        0x000000010fa18f8f chromedriver + 73615
5   chromedriver                        0x000000010fa4db44 chromedriver + 289604
6   chromedriver                        0x000000010fa48923 chromedriver + 268579
7   chromedriver                        0x000000010fa2200a chromedriver + 110602
8   chromedriver                        0x000000010fa22fc7 chromedriver + 114631
9   chromedriver                        0x000000010fc3d429 chromedriver + 2319401
10  chromedriver                        0x000000010fc4953f chromedriver + 2368831
11  chromedriver                        0x000000010fc49150 chromedriver + 2367824
12  chromedriver                        0x000000010fc2423b chromedriver + 2216507
13  chromedriver                        0x000000010fc49a91 chromedriver + 2370193
14  chromedriver                        0x000000010fc324f9 chromedriver + 2274553
15  chromedriver                        0x000000010fc5ff89 chromedriver + 2461577
16  chromedriver                        0x000000010fc713b3 chromedriver + 2532275
17  libsystem_pthread.dylib             0x00007fff73fbb661 _pthread_body + 340
18  libsystem_pthread.dylib             0x00007fff73fbb50d _pthread_body + 0
19  libsystem_pthread.dylib             0x00007fff73fbabf9 thread_start + 13

	at sun.reflect.NativeConstructorAccessorImpl.newInstance0(Native Method)
	at sun.reflect.NativeConstructorAccessorImpl.newInstance(NativeConstructorAccessorImpl.java:62)
	at sun.reflect.DelegatingConstructorAccessorImpl.newInstance(DelegatingConstructorAccessorImpl.java:45)
	at java.lang.reflect.Constructor.newInstance(Constructor.java:423)
	at org.openqa.selenium.remote.W3CHandshakeResponse.lambda$errorHandler$0(W3CHandshakeResponse.java:62)
	at org.openqa.selenium.remote.HandshakeResponse.lambda$getResponseFunction$0(HandshakeResponse.java:30)
	at org.openqa.selenium.remote.ProtocolHandshake.lambda$createSession$0(ProtocolHandshake.java:126)
	at java.util.stream.ReferencePipeline$3$1.accept(ReferencePipeline.java:193)
	at java.util.Spliterators$ArraySpliterator.tryAdvance(Spliterators.java:958)
	at java.util.stream.ReferencePipeline.forEachWithCancel(ReferencePipeline.java:126)
	at java.util.stream.AbstractPipeline.copyIntoWithCancel(AbstractPipeline.java:498)
	at java.util.stream.AbstractPipeline.copyInto(AbstractPipeline.java:485)
	at java.util.stream.AbstractPipeline.wrapAndCopyInto(AbstractPipeline.java:471)
	at java.util.stream.FindOps$FindOp.evaluateSequential(FindOps.java:152)
	at java.util.stream.AbstractPipeline.evaluate(AbstractPipeline.java:234)
	at java.util.stream.ReferencePipeline.findFirst(ReferencePipeline.java:464)
	at org.openqa.selenium.remote.ProtocolHandshake.createSession(ProtocolHandshake.java:128)
	at org.openqa.selenium.remote.ProtocolHandshake.createSession(ProtocolHandshake.java:74)
	at org.openqa.selenium.remote.HttpCommandExecutor.execute(HttpCommandExecutor.java:136)
	at org.openqa.selenium.remote.service.DriverCommandExecutor.execute(DriverCommandExecutor.java:83)
	at org.openqa.selenium.remote.RemoteWebDriver.execute(RemoteWebDriver.java:552)
	at org.openqa.selenium.remote.RemoteWebDriver.startSession(RemoteWebDriver.java:213)
	at org.openqa.selenium.remote.RemoteWebDriver.<init>(RemoteWebDriver.java:131)
	at org.openqa.selenium.chrome.ChromeDriver.<init>(ChromeDriver.java:181)
	at org.openqa.selenium.chrome.ChromeDriver.<init>(ChromeDriver.java:168)
	at org.openqa.selenium.chrome.ChromeDriver.<init>(ChromeDriver.java:157)
	at com.toy.selenium.core.BaseTest.setUp(BaseTest.java:150)
	at sun.reflect.NativeMethodAccessorImpl.invoke0(Native Method)
	at sun.reflect.NativeMethodAccessorImpl.invoke(NativeMethodAccessorImpl.java:62)
	at sun.reflect.DelegatingMethodAccessorImpl.invoke(DelegatingMethodAccessorImpl.java:43)
	at java.lang.reflect.Method.invoke(Method.java:498)
	at org.testng.internal.MethodInvocationHelper.invokeMethod(MethodInvocationHelper.java:85)
	at org.testng.internal.Invoker.invokeConfigurationMethod(Invoker.java:510)
	at org.testng.internal.Invoker.invokeConfigurations(Invoker.java:211)
	at org.testng.internal.Invoker.invokeConfigurations(Invoker.java:138)
	at org.testng.internal.TestMethodWorker.invokeBeforeClassMethods(TestMethodWorker.java:170)
	at org.testng.internal.TestMethodWorker.run(TestMethodWorker.java:104)
	at org.testng.TestRunner.privateRun(TestRunner.java:774)
	at org.testng.TestRunner.run(TestRunner.java:624)
	at org.testng.SuiteRunner.runTest(SuiteRunner.java:359)
	at org.testng.SuiteRunner.runSequentially(SuiteRunner.java:354)
	at org.testng.SuiteRunner.privateRun(SuiteRunner.java:312)
	at org.testng.SuiteRunner.run(SuiteRunner.java:261)
	at org.testng.SuiteRunnerWorker.runSuite(SuiteRunnerWorker.java:52)
	at org.testng.SuiteRunnerWorker.run(SuiteRunnerWorker.java:86)
	at org.testng.TestNG.runSuitesSequentially(TestNG.java:1215)
	at org.testng.TestNG.runSuitesLocally(TestNG.java:1140)
	at org.testng.TestNG.run(TestNG.java:1048)
	at org.testng.remote.AbstractRemoteTestNG.run(AbstractRemoteTestNG.java:115)
	at org.testng.remote.RemoteTestNG.initAndRun(RemoteTestNG.java:251)
	at org.testng.remote.RemoteTestNG.main(RemoteTestNG.java:77)
]]>
    </error>
  </testcase> <!-- testSmartPathModal -->
  <testcase name="testGXPOtherUrlSearchInventory" time="0.001" classname="com.test.us.functional.GXPSmartPath">
    <error type="org.openqa.selenium.InvalidArgumentException" message="invalid argument: user data directory is already in use, please specify a unique value for --user-data-dir argument, or don&#039;t use --user-data-dir
Build info: version: &#039;3.141.59&#039;, revision: &#039;e82be7d358&#039;, time: &#039;2018-11-14T08:17:03&#039;
System info: host: &#039;HMDNYC-41RVJGH5&#039;, ip: &#039;2603:8080:5740:16:0:0:0:10f7%en0&#039;, os.name: &#039;Mac OS X&#039;, os.arch: &#039;x86_64&#039;, os.version: &#039;10.13.6&#039;, java.version: &#039;1.8.0_211&#039;
Driver info: driver.version: ChromeDriver
remote stacktrace: 0   chromedriver                        0x000000010fc6bd79 chromedriver + 2510201
1   chromedriver                        0x00000001102d8743 chromedriver + 9246531
2   chromedriver                        0x000000010faa6623 chromedriver + 652835
3   chromedriver                        0x000000010fa1c484 chromedriver + 87172
4   chromedriver                        0x000000010fa18f8f chromedriver + 73615
5   chromedriver                        0x000000010fa4db44 chromedriver + 289604
6   chromedriver                        0x000000010fa48923 chromedriver + 268579
7   chromedriver                        0x000000010fa2200a chromedriver + 110602
8   chromedriver                        0x000000010fa22fc7 chromedriver + 114631
9   chromedriver                        0x000000010fc3d429 chromedriver + 2319401
10  chromedriver                        0x000000010fc4953f chromedriver + 2368831
11  chromedriver                        0x000000010fc49150 chromedriver + 2367824
12  chromedriver                        0x000000010fc2423b chromedriver + 2216507
13  chromedriver                        0x000000010fc49a91 chromedriver + 2370193
14  chromedriver                        0x000000010fc324f9 chromedriver + 2274553
15  chromedriver                        0x000000010fc5ff89 chromedriver + 2461577
16  chromedriver                        0x000000010fc713b3 chromedriver + 2532275
17  libsystem_pthread.dylib             0x00007fff73fbb661 _pthread_body + 340
18  libsystem_pthread.dylib             0x00007fff73fbb50d _pthread_body + 0
19  libsystem_pthread.dylib             0x00007fff73fbabf9 thread_start + 13
">
      <![CDATA[org.openqa.selenium.InvalidArgumentException: invalid argument: user data directory is already in use, please specify a unique value for --user-data-dir argument, or don't use --user-data-dir
Build info: version: '3.141.59', revision: 'e82be7d358', time: '2018-11-14T08:17:03'
System info: host: 'HMDNYC-41RVJGH5', ip: '2603:8080:5740:16:0:0:0:10f7%en0', os.name: 'Mac OS X', os.arch: 'x86_64', os.version: '10.13.6', java.version: '1.8.0_211'
Driver info: driver.version: ChromeDriver
remote stacktrace: 0   chromedriver                        0x000000010fc6bd79 chromedriver + 2510201
1   chromedriver                        0x00000001102d8743 chromedriver + 9246531
2   chromedriver                        0x000000010faa6623 chromedriver + 652835
3   chromedriver                        0x000000010fa1c484 chromedriver + 87172
4   chromedriver                        0x000000010fa18f8f chromedriver + 73615
5   chromedriver                        0x000000010fa4db44 chromedriver + 289604
6   chromedriver                        0x000000010fa48923 chromedriver + 268579
7   chromedriver                        0x000000010fa2200a chromedriver + 110602
8   chromedriver                        0x000000010fa22fc7 chromedriver + 114631
9   chromedriver                        0x000000010fc3d429 chromedriver + 2319401
10  chromedriver                        0x000000010fc4953f chromedriver + 2368831
11  chromedriver                        0x000000010fc49150 chromedriver + 2367824
12  chromedriver                        0x000000010fc2423b chromedriver + 2216507
13  chromedriver                        0x000000010fc49a91 chromedriver + 2370193
14  chromedriver                        0x000000010fc324f9 chromedriver + 2274553
15  chromedriver                        0x000000010fc5ff89 chromedriver + 2461577
16  chromedriver                        0x000000010fc713b3 chromedriver + 2532275
17  libsystem_pthread.dylib             0x00007fff73fbb661 _pthread_body + 340
18  libsystem_pthread.dylib             0x00007fff73fbb50d _pthread_body + 0
19  libsystem_pthread.dylib             0x00007fff73fbabf9 thread_start + 13

	at sun.reflect.NativeConstructorAccessorImpl.newInstance0(Native Method)
	at sun.reflect.NativeConstructorAccessorImpl.newInstance(NativeConstructorAccessorImpl.java:62)
	at sun.reflect.DelegatingConstructorAccessorImpl.newInstance(DelegatingConstructorAccessorImpl.java:45)
	at java.lang.reflect.Constructor.newInstance(Constructor.java:423)
	at org.openqa.selenium.remote.W3CHandshakeResponse.lambda$errorHandler$0(W3CHandshakeResponse.java:62)
	at org.openqa.selenium.remote.HandshakeResponse.lambda$getResponseFunction$0(HandshakeResponse.java:30)
	at org.openqa.selenium.remote.ProtocolHandshake.lambda$createSession$0(ProtocolHandshake.java:126)
	at java.util.stream.ReferencePipeline$3$1.accept(ReferencePipeline.java:193)
	at java.util.Spliterators$ArraySpliterator.tryAdvance(Spliterators.java:958)
	at java.util.stream.ReferencePipeline.forEachWithCancel(ReferencePipeline.java:126)
	at java.util.stream.AbstractPipeline.copyIntoWithCancel(AbstractPipeline.java:498)
	at java.util.stream.AbstractPipeline.copyInto(AbstractPipeline.java:485)
	at java.util.stream.AbstractPipeline.wrapAndCopyInto(AbstractPipeline.java:471)
	at java.util.stream.FindOps$FindOp.evaluateSequential(FindOps.java:152)
	at java.util.stream.AbstractPipeline.evaluate(AbstractPipeline.java:234)
	at java.util.stream.ReferencePipeline.findFirst(ReferencePipeline.java:464)
	at org.openqa.selenium.remote.ProtocolHandshake.createSession(ProtocolHandshake.java:128)
	at org.openqa.selenium.remote.ProtocolHandshake.createSession(ProtocolHandshake.java:74)
	at org.openqa.selenium.remote.HttpCommandExecutor.execute(HttpCommandExecutor.java:136)
	at org.openqa.selenium.remote.service.DriverCommandExecutor.execute(DriverCommandExecutor.java:83)
	at org.openqa.selenium.remote.RemoteWebDriver.execute(RemoteWebDriver.java:552)
	at org.openqa.selenium.remote.RemoteWebDriver.startSession(RemoteWebDriver.java:213)
	at org.openqa.selenium.remote.RemoteWebDriver.<init>(RemoteWebDriver.java:131)
	at org.openqa.selenium.chrome.ChromeDriver.<init>(ChromeDriver.java:181)
	at org.openqa.selenium.chrome.ChromeDriver.<init>(ChromeDriver.java:168)
	at org.openqa.selenium.chrome.ChromeDriver.<init>(ChromeDriver.java:157)
	at com.toy.selenium.core.BaseTest.setUp(BaseTest.java:150)
	at sun.reflect.NativeMethodAccessorImpl.invoke0(Native Method)
	at sun.reflect.NativeMethodAccessorImpl.invoke(NativeMethodAccessorImpl.java:62)
	at sun.reflect.DelegatingMethodAccessorImpl.invoke(DelegatingMethodAccessorImpl.java:43)
	at java.lang.reflect.Method.invoke(Method.java:498)
	at org.testng.internal.MethodInvocationHelper.invokeMethod(MethodInvocationHelper.java:85)
	at org.testng.internal.Invoker.invokeConfigurationMethod(Invoker.java:510)
	at org.testng.internal.Invoker.invokeConfigurations(Invoker.java:211)
	at org.testng.internal.Invoker.invokeConfigurations(Invoker.java:138)
	at org.testng.internal.TestMethodWorker.invokeBeforeClassMethods(TestMethodWorker.java:170)
	at org.testng.internal.TestMethodWorker.run(TestMethodWorker.java:104)
	at org.testng.TestRunner.privateRun(TestRunner.java:774)
	at org.testng.TestRunner.run(TestRunner.java:624)
	at org.testng.SuiteRunner.runTest(SuiteRunner.java:359)
	at org.testng.SuiteRunner.runSequentially(SuiteRunner.java:354)
	at org.testng.SuiteRunner.privateRun(SuiteRunner.java:312)
	at org.testng.SuiteRunner.run(SuiteRunner.java:261)
	at org.testng.SuiteRunnerWorker.runSuite(SuiteRunnerWorker.java:52)
	at org.testng.SuiteRunnerWorker.run(SuiteRunnerWorker.java:86)
	at org.testng.TestNG.runSuitesSequentially(TestNG.java:1215)
	at org.testng.TestNG.runSuitesLocally(TestNG.java:1140)
	at org.testng.TestNG.run(TestNG.java:1048)
	at org.testng.remote.AbstractRemoteTestNG.run(AbstractRemoteTestNG.java:115)
	at org.testng.remote.RemoteTestNG.initAndRun(RemoteTestNG.java:251)
	at org.testng.remote.RemoteTestNG.main(RemoteTestNG.java:77)
]]>
    </error>
  </testcase> <!-- testGXPOtherUrlSearchInventory -->
</testsuite> <!-- com.test.us.functional.GXPSmartPath -->
