<?xml version="1.0" encoding="UTF-8"?>
<!-- Generated by org.testng.reporters.JUnitXMLReporter -->
<testsuite hostname="HMDNYC-41RVJGH5" name="Test-Suite(failed)(failed)" tests="1" failures="0" timestamp="12 May 2020 19:42:03 GMT" time="2.128" errors="0">
  <testcase name="@BeforeClass setUp" time="0.0" classname="com.test.smoke.AppSmoke">
    <failure type="org.openqa.selenium.InvalidArgumentException" message="invalid argument: user data directory is already in use, please specify a unique value for --user-data-dir argument, or don&amp;apos;t use --user-data-dir
Build info: version: &amp;apos;3.141.59&amp;apos;, revision: &amp;apos;e82be7d358&amp;apos;, time: &amp;apos;2018-11-14T08:17:03&amp;apos;
System info: host: &amp;apos;HMDNYC-41RVJGH5&amp;apos;, ip: &amp;apos;2605:6000:151c:8fd6:0:0:0:92fe%en0&amp;apos;, os.name: &amp;apos;Mac OS X&amp;apos;, os.arch: &amp;apos;x86_64&amp;apos;, os.version: &amp;apos;10.13.6&amp;apos;, java.version: &amp;apos;1.8.0_211&amp;apos;
Driver info: driver.version: ChromeDriver
remote stacktrace: 0   chromedriver                        0x00000001055db269 chromedriver + 4674153
1   chromedriver                        0x0000000105575593 chromedriver + 4257171
2   chromedriver                        0x000000010521efcf chromedriver + 757711
3   chromedriver                        0x000000010517b90e chromedriver + 88334
4   chromedriver                        0x00000001051aa3c3 chromedriver + 279491
5   chromedriver                        0x00000001051a71d3 chromedriver + 266707
6   chromedriver                        0x00000001051811dd chromedriver + 111069
7   chromedriver                        0x0000000105182185 chromedriver + 115077
8   chromedriver                        0x000000010559cfff chromedriver + 4419583
9   chromedriver                        0x00000001055aa7ba chromedriver + 4474810
10  chromedriver                        0x00000001055aa557 chromedriver + 4474199
11  chromedriver                        0x0000000105581149 chromedriver + 4305225
12  chromedriver                        0x00000001055ab067 chromedriver + 4477031
13  chromedriver                        0x0000000105592d87 chromedriver + 4377991
14  chromedriver                        0x00000001055c12d4 chromedriver + 4567764
15  chromedriver                        0x00000001055e11f7 chromedriver + 4698615
16  libsystem_pthread.dylib             0x00007fff60142661 _pthread_body + 340
17  libsystem_pthread.dylib             0x00007fff6014250d _pthread_body + 0
18  libsystem_pthread.dylib             0x00007fff60141bf9 thread_start + 13
">
      <![CDATA[org.openqa.selenium.InvalidArgumentException: invalid argument: user data directory is already in use, please specify a unique value for --user-data-dir argument, or don't use --user-data-dir
Build info: version: '3.141.59', revision: 'e82be7d358', time: '2018-11-14T08:17:03'
System info: host: 'HMDNYC-41RVJGH5', ip: '2605:6000:151c:8fd6:0:0:0:92fe%en0', os.name: 'Mac OS X', os.arch: 'x86_64', os.version: '10.13.6', java.version: '1.8.0_211'
Driver info: driver.version: ChromeDriver
remote stacktrace: 0   chromedriver                        0x00000001055db269 chromedriver + 4674153
1   chromedriver                        0x0000000105575593 chromedriver + 4257171
2   chromedriver                        0x000000010521efcf chromedriver + 757711
3   chromedriver                        0x000000010517b90e chromedriver + 88334
4   chromedriver                        0x00000001051aa3c3 chromedriver + 279491
5   chromedriver                        0x00000001051a71d3 chromedriver + 266707
6   chromedriver                        0x00000001051811dd chromedriver + 111069
7   chromedriver                        0x0000000105182185 chromedriver + 115077
8   chromedriver                        0x000000010559cfff chromedriver + 4419583
9   chromedriver                        0x00000001055aa7ba chromedriver + 4474810
10  chromedriver                        0x00000001055aa557 chromedriver + 4474199
11  chromedriver                        0x0000000105581149 chromedriver + 4305225
12  chromedriver                        0x00000001055ab067 chromedriver + 4477031
13  chromedriver                        0x0000000105592d87 chromedriver + 4377991
14  chromedriver                        0x00000001055c12d4 chromedriver + 4567764
15  chromedriver                        0x00000001055e11f7 chromedriver + 4698615
16  libsystem_pthread.dylib             0x00007fff60142661 _pthread_body + 340
17  libsystem_pthread.dylib             0x00007fff6014250d _pthread_body + 0
18  libsystem_pthread.dylib             0x00007fff60141bf9 thread_start + 13

	at sun.reflect.NativeConstructorAccessorImpl.newInstance0(Native Method)
	at sun.reflect.NativeConstructorAccessorImpl.newInstance(NativeConstructorAccessorImpl.java:62)
	at sun.reflect.DelegatingConstructorAccessorImpl.newInstance(DelegatingConstructorAccessorImpl.java:45)
	at java.lang.reflect.Constructor.newInstance(Constructor.java:423)
	at org.openqa.selenium.remote.W3CHandshakeResponse.lambda$errorHandler$0(W3CHandshakeResponse.java:62)
	at org.openqa.selenium.remote.HandshakeResponse.lambda$getResponseFunction$0(HandshakeResponse.java:30)
	at org.openqa.selenium.remote.ProtocolHandshake.lambda$createSession$0(ProtocolHandshake.java:126)
	at java.util.stream.ReferencePipeline$3$1.accept(ReferencePipeline.java:193)
	at java.util.Spliterators$ArraySpliterator.tryAdvance(Spliterators.java:958)
	at java.util.stream.ReferencePipeline.forEachWithCancel(ReferencePipeline.java:126)
	at java.util.stream.AbstractPipeline.copyIntoWithCancel(AbstractPipeline.java:498)
	at java.util.stream.AbstractPipeline.copyInto(AbstractPipeline.java:485)
	at java.util.stream.AbstractPipeline.wrapAndCopyInto(AbstractPipeline.java:471)
	at java.util.stream.FindOps$FindOp.evaluateSequential(FindOps.java:152)
	at java.util.stream.AbstractPipeline.evaluate(AbstractPipeline.java:234)
	at java.util.stream.ReferencePipeline.findFirst(ReferencePipeline.java:464)
	at org.openqa.selenium.remote.ProtocolHandshake.createSession(ProtocolHandshake.java:128)
	at org.openqa.selenium.remote.ProtocolHandshake.createSession(ProtocolHandshake.java:74)
	at org.openqa.selenium.remote.HttpCommandExecutor.execute(HttpCommandExecutor.java:136)
	at org.openqa.selenium.remote.service.DriverCommandExecutor.execute(DriverCommandExecutor.java:83)
	at org.openqa.selenium.remote.RemoteWebDriver.execute(RemoteWebDriver.java:552)
	at org.openqa.selenium.remote.RemoteWebDriver.startSession(RemoteWebDriver.java:213)
	at org.openqa.selenium.remote.RemoteWebDriver.<init>(RemoteWebDriver.java:131)
	at org.openqa.selenium.chrome.ChromeDriver.<init>(ChromeDriver.java:181)
	at org.openqa.selenium.chrome.ChromeDriver.<init>(ChromeDriver.java:168)
	at org.openqa.selenium.chrome.ChromeDriver.<init>(ChromeDriver.java:157)
	at com.toy.selenium.core.BaseTest.setUp(BaseTest.java:144)
	at sun.reflect.NativeMethodAccessorImpl.invoke0(Native Method)
	at sun.reflect.NativeMethodAccessorImpl.invoke(NativeMethodAccessorImpl.java:62)
	at sun.reflect.DelegatingMethodAccessorImpl.invoke(DelegatingMethodAccessorImpl.java:43)
	at java.lang.reflect.Method.invoke(Method.java:498)
	at org.testng.internal.MethodInvocationHelper.invokeMethod(MethodInvocationHelper.java:85)
	at org.testng.internal.Invoker.invokeConfigurationMethod(Invoker.java:510)
	at org.testng.internal.Invoker.invokeConfigurations(Invoker.java:211)
	at org.testng.internal.Invoker.invokeConfigurations(Invoker.java:138)
	at org.testng.internal.TestMethodWorker.invokeBeforeClassMethods(TestMethodWorker.java:170)
	at org.testng.internal.TestMethodWorker.run(TestMethodWorker.java:104)
	at org.testng.TestRunner.privateRun(TestRunner.java:774)
	at org.testng.TestRunner.run(TestRunner.java:624)
	at org.testng.SuiteRunner.runTest(SuiteRunner.java:359)
	at org.testng.SuiteRunner.runSequentially(SuiteRunner.java:354)
	at org.testng.SuiteRunner.privateRun(SuiteRunner.java:312)
	at org.testng.SuiteRunner.run(SuiteRunner.java:261)
	at org.testng.SuiteRunnerWorker.runSuite(SuiteRunnerWorker.java:52)
	at org.testng.SuiteRunnerWorker.run(SuiteRunnerWorker.java:86)
	at org.testng.TestNG.runSuitesSequentially(TestNG.java:1215)
	at org.testng.TestNG.runSuitesLocally(TestNG.java:1140)
	at org.testng.TestNG.run(TestNG.java:1048)
	at org.testng.remote.AbstractRemoteTestNG.run(AbstractRemoteTestNG.java:115)
	at org.testng.remote.RemoteTestNG.initAndRun(RemoteTestNG.java:251)
	at org.testng.remote.RemoteTestNG.main(RemoteTestNG.java:77)
]]>
    </failure>
  </testcase> <!-- @BeforeClass setUp -->
  <testcase name="@BeforeClass navigateZipUrl" time="0.0" classname="com.test.smoke.AppSmoke">
    <skipped/>
  </testcase> <!-- @BeforeClass navigateZipUrl -->
  <testcase name="@BeforeMethod setTest" time="0.0" classname="com.test.smoke.AppSmoke">
    <skipped/>
  </testcase> <!-- @BeforeMethod setTest -->
  <testcase name="@AfterMethod afterMainMethod" time="0.0" classname="com.test.smoke.AppSmoke">
    <skipped/>
  </testcase> <!-- @AfterMethod afterMainMethod -->
  <testcase name="@AfterClass afterClass" time="0.0" classname="com.test.smoke.AppSmoke">
    <skipped/>
  </testcase> <!-- @AfterClass afterClass -->
  <testcase name="AppSmokeTest" time="0.067" classname="com.test.smoke.AppSmoke">
    <skipped/>
  </testcase> <!-- AppSmokeTest -->
</testsuite> <!-- Test-Suite(failed)(failed) -->
